<?xml version="1.0" encoding="UTF-8"?>
<testsuite name="Money — 금액은 항상 원 단위" tests="5" skipped="0" failures="0" errors="0" timestamp="2026-04-21T09:15:11.314Z" hostname="hancrystalui-MacBookAir.local" time="0.006">
  <properties/>
  <testcase name="3.3% 원천징수" classname="example.salary.MoneyVoTest$MoneyTest" time="0.0"/>
  <testcase name="어디서 만들든 소수점이 끼어들 수 없다" classname="example.salary.MoneyVoTest$MoneyTest" time="0.0"/>
  <testcase name="Money끼리만 연산 가능 — scale 불일치가 불가능한 구조" classname="example.salary.MoneyVoTest$MoneyTest" time="0.002"/>
  <testcase name="null이면 ZERO" classname="example.salary.MoneyVoTest$MoneyTest" time="0.0"/>
  <testcase name="시급 x 근무시간 = 급여" classname="example.salary.MoneyVoTest$MoneyTest" time="0.0"/>
  <system-out><![CDATA[]]></system-out>
  <system-err><![CDATA[]]></system-err>
</testsuite>
