<?xml version="1.0" encoding="UTF-8"?>
<testsuite name="기본급 계산" tests="2" skipped="0" failures="0" errors="0" timestamp="2026-03-31T13:23:51.158Z" hostname="hancrystalui-MacBookAir.local" time="0.002">
  <properties/>
  <testcase name="시급 10,000원 x 8시간 = 80,000원" classname="example.salary.DailySalaryCalculationTest$BaseSalary" time="0.0"/>
  <testcase name="일급제: 근무시간과 관계없이 고정 금액" classname="example.salary.DailySalaryCalculationTest$BaseSalary" time="0.001"/>
  <system-out><![CDATA[]]></system-out>
  <system-err><![CDATA[]]></system-err>
</testsuite>
