<?xml version="1.0" encoding="UTF-8"?>
<testsuite name="Percentage — 비율은 toDecimal()을 거쳐야 계산 가능" tests="2" skipped="0" failures="0" errors="0" timestamp="2026-04-21T09:15:11.295Z" hostname="hancrystalui-MacBookAir.local" time="0.002">
  <properties/>
  <testcase name="50 → 0.50 변환" classname="example.salary.MoneyVoTest$PercentageTest" time="0.001"/>
  <testcase name="3.3 → 0.033 변환" classname="example.salary.MoneyVoTest$PercentageTest" time="0.0"/>
  <system-out><![CDATA[]]></system-out>
  <system-err><![CDATA[]]></system-err>
</testsuite>
